{"name":"checkMaxAmountAtRefinancing","status":"skipped","statusDetails":{"known":false,"muted":false,"flaky":false,"message":"Unable to create a new remote session. Please check the server log for more details. Original error: An unknown server-side error occurred while processing the command. Original error: An unknown server-side error occurred while processing the command. Original error: unknown error: Device emulator-5554 is not online\n  (Driver info: chromedriver=2.16.333243 (0bfa1d3575fc1044244f21ddb82bf870944ef961),platform=Windows NT 10.0 x86_64)\nBuild info: version: '3.141.59', revision: 'e82be7d358', time: '2018-11-14T08:17:03'\nSystem info: host: 'MSK-2149', ip: '10.11.21.93', os.name: 'Windows 10', os.arch: 'amd64', os.version: '10.0', java.version: '13.0.2'\nDriver info: driver.version: AppiumDriver\nremote stacktrace: UnknownError: An unknown server-side error occurred while processing the command. Original error: An unknown server-side error occurred while processing the command. Original error: unknown error: Device emulator-5554 is not online\n  (Driver info: chromedriver=2.16.333243 (0bfa1d3575fc1044244f21ddb82bf870944ef961),platform=Windows NT 10.0 x86_64)\n    at getResponseForW3CError (C:\\Users\\IPAndreev\\AppData\\Local\\Programs\\Appium\\resources\\app\\node_modules\\appium\\node_modules\\appium-base-driver\\lib\\protocol\\errors.js:804:9)\n    at asyncHandler (C:\\Users\\IPAndreev\\AppData\\Local\\Programs\\Appium\\resources\\app\\node_modules\\appium\\node_modules\\appium-base-driver\\lib\\protocol\\protocol.js:392:37)\nBuild info: version: '3.141.59', revision: 'e82be7d358', time: '2018-11-14T08:17:03'\nSystem info: host: 'MSK-2149', ip: '10.11.21.93', os.name: 'Windows 10', os.arch: 'amd64', os.version: '10.0', java.version: '13.0.2'\nDriver info: driver.version: AppiumDriver","trace":"org.openqa.selenium.SessionNotCreatedException: Unable to create a new remote session. Please check the server log for more details. Original error: An unknown server-side error occurred while processing the command. Original error: An unknown server-side error occurred while processing the command. Original error: unknown error: Device emulator-5554 is not online\n  (Driver info: chromedriver=2.16.333243 (0bfa1d3575fc1044244f21ddb82bf870944ef961),platform=Windows NT 10.0 x86_64)\nBuild info: version: '3.141.59', revision: 'e82be7d358', time: '2018-11-14T08:17:03'\nSystem info: host: 'MSK-2149', ip: '10.11.21.93', os.name: 'Windows 10', os.arch: 'amd64', os.version: '10.0', java.version: '13.0.2'\nDriver info: driver.version: AppiumDriver\nremote stacktrace: UnknownError: An unknown server-side error occurred while processing the command. Original error: An unknown server-side error occurred while processing the command. Original error: unknown error: Device emulator-5554 is not online\n  (Driver info: chromedriver=2.16.333243 (0bfa1d3575fc1044244f21ddb82bf870944ef961),platform=Windows NT 10.0 x86_64)\n    at getResponseForW3CError (C:\\Users\\IPAndreev\\AppData\\Local\\Programs\\Appium\\resources\\app\\node_modules\\appium\\node_modules\\appium-base-driver\\lib\\protocol\\errors.js:804:9)\n    at asyncHandler (C:\\Users\\IPAndreev\\AppData\\Local\\Programs\\Appium\\resources\\app\\node_modules\\appium\\node_modules\\appium-base-driver\\lib\\protocol\\protocol.js:392:37)\nBuild info: version: '3.141.59', revision: 'e82be7d358', time: '2018-11-14T08:17:03'\nSystem info: host: 'MSK-2149', ip: '10.11.21.93', os.name: 'Windows 10', os.arch: 'amd64', os.version: '10.0', java.version: '13.0.2'\nDriver info: driver.version: AppiumDriver\r\n\tat io.appium.java_client.remote.AppiumCommandExecutor$1.createSession(AppiumCommandExecutor.java:208)\r\n\tat io.appium.java_client.remote.AppiumCommandExecutor.createSession(AppiumCommandExecutor.java:217)\r\n\tat io.appium.java_client.remote.AppiumCommandExecutor.execute(AppiumCommandExecutor.java:239)\r\n\tat org.openqa.selenium.remote.RemoteWebDriver.execute(RemoteWebDriver.java:552)\r\n\tat io.appium.java_client.DefaultGenericMobileDriver.execute(DefaultGenericMobileDriver.java:42)\r\n\tat io.appium.java_client.AppiumDriver.execute(AppiumDriver.java:1)\r\n\tat org.openqa.selenium.remote.RemoteWebDriver.startSession(RemoteWebDriver.java:213)\r\n\tat org.openqa.selenium.remote.RemoteWebDriver.<init>(RemoteWebDriver.java:131)\r\n\tat io.appium.java_client.DefaultGenericMobileDriver.<init>(DefaultGenericMobileDriver.java:38)\r\n\tat io.appium.java_client.AppiumDriver.<init>(AppiumDriver.java:84)\r\n\tat io.appium.java_client.AppiumDriver.<init>(AppiumDriver.java:94)\r\n\tat TestBase.connect(TestBase.java:24)\r\n\tat java.base/jdk.internal.reflect.NativeMethodAccessorImpl.invoke0(Native Method)\r\n\tat java.base/jdk.internal.reflect.NativeMethodAccessorImpl.invoke(NativeMethodAccessorImpl.java:62)\r\n\tat java.base/jdk.internal.reflect.DelegatingMethodAccessorImpl.invoke(DelegatingMethodAccessorImpl.java:43)\r\n\tat java.base/java.lang.reflect.Method.invoke(Method.java:567)\r\n\tat org.testng.internal.MethodInvocationHelper.invokeMethod(MethodInvocationHelper.java:133)\r\n\tat org.testng.internal.MethodInvocationHelper.invokeMethodConsideringTimeout(MethodInvocationHelper.java:62)\r\n\tat org.testng.internal.ConfigInvoker.invokeConfigurationMethod(ConfigInvoker.java:340)\r\n\tat org.testng.internal.ConfigInvoker.invokeConfigurations(ConfigInvoker.java:294)\r\n\tat org.testng.internal.TestInvoker.runConfigMethods(TestInvoker.java:683)\r\n\tat org.testng.internal.TestInvoker.invokeMethod(TestInvoker.java:510)\r\n\tat org.testng.internal.TestInvoker.invokeTestMethod(TestInvoker.java:172)\r\n\tat org.testng.internal.MethodRunner.runInSequence(MethodRunner.java:46)\r\n\tat org.testng.internal.TestInvoker$MethodInvocationAgent.invoke(TestInvoker.java:804)\r\n\tat org.testng.internal.TestInvoker.invokeTestMethods(TestInvoker.java:145)\r\n\tat org.testng.internal.TestMethodWorker.invokeTestMethods(TestMethodWorker.java:146)\r\n\tat org.testng.internal.TestMethodWorker.run(TestMethodWorker.java:128)\r\n\tat java.base/java.util.ArrayList.forEach(ArrayList.java:1507)\r\n\tat org.testng.TestRunner.privateRun(TestRunner.java:770)\r\n\tat org.testng.TestRunner.run(TestRunner.java:591)\r\n\tat org.testng.SuiteRunner.runTest(SuiteRunner.java:402)\r\n\tat org.testng.SuiteRunner.runSequentially(SuiteRunner.java:396)\r\n\tat org.testng.SuiteRunner.privateRun(SuiteRunner.java:355)\r\n\tat org.testng.SuiteRunner.run(SuiteRunner.java:304)\r\n\tat org.testng.SuiteRunnerWorker.runSuite(SuiteRunnerWorker.java:53)\r\n\tat org.testng.SuiteRunnerWorker.run(SuiteRunnerWorker.java:96)\r\n\tat org.testng.TestNG.runSuitesSequentially(TestNG.java:1180)\r\n\tat org.testng.TestNG.runSuitesLocally(TestNG.java:1102)\r\n\tat org.testng.TestNG.runSuites(TestNG.java:1032)\r\n\tat org.testng.TestNG.run(TestNG.java:1000)\r\n\tat com.intellij.rt.testng.IDEARemoteTestNG.run(IDEARemoteTestNG.java:66)\r\n\tat com.intellij.rt.testng.RemoteTestNGStarter.main(RemoteTestNGStarter.java:110)\r\nCaused by: java.lang.reflect.InvocationTargetException\r\n\tat java.base/jdk.internal.reflect.NativeMethodAccessorImpl.invoke0(Native Method)\r\n\tat java.base/jdk.internal.reflect.NativeMethodAccessorImpl.invoke(NativeMethodAccessorImpl.java:62)\r\n\tat java.base/jdk.internal.reflect.DelegatingMethodAccessorImpl.invoke(DelegatingMethodAccessorImpl.java:43)\r\n\tat java.base/java.lang.reflect.Method.invoke(Method.java:567)\r\n\tat io.appium.java_client.remote.AppiumCommandExecutor$1.createSession(AppiumCommandExecutor.java:186)\r\n\t... 42 more\r\nCaused by: org.openqa.selenium.WebDriverException: An unknown server-side error occurred while processing the command. Original error: An unknown server-side error occurred while processing the command. Original error: unknown error: Device emulator-5554 is not online\n  (Driver info: chromedriver=2.16.333243 (0bfa1d3575fc1044244f21ddb82bf870944ef961),platform=Windows NT 10.0 x86_64)\nBuild info: version: '3.141.59', revision: 'e82be7d358', time: '2018-11-14T08:17:03'\nSystem info: host: 'MSK-2149', ip: '10.11.21.93', os.name: 'Windows 10', os.arch: 'amd64', os.version: '10.0', java.version: '13.0.2'\nDriver info: driver.version: AppiumDriver\nremote stacktrace: UnknownError: An unknown server-side error occurred while processing the command. Original error: An unknown server-side error occurred while processing the command. Original error: unknown error: Device emulator-5554 is not online\n  (Driver info: chromedriver=2.16.333243 (0bfa1d3575fc1044244f21ddb82bf870944ef961),platform=Windows NT 10.0 x86_64)\n    at getResponseForW3CError (C:\\Users\\IPAndreev\\AppData\\Local\\Programs\\Appium\\resources\\app\\node_modules\\appium\\node_modules\\appium-base-driver\\lib\\protocol\\errors.js:804:9)\n    at asyncHandler (C:\\Users\\IPAndreev\\AppData\\Local\\Programs\\Appium\\resources\\app\\node_modules\\appium\\node_modules\\appium-base-driver\\lib\\protocol\\protocol.js:392:37)\r\n\tat java.base/jdk.internal.reflect.NativeConstructorAccessorImpl.newInstance0(Native Method)\r\n\tat java.base/jdk.internal.reflect.NativeConstructorAccessorImpl.newInstance(NativeConstructorAccessorImpl.java:62)\r\n\tat java.base/jdk.internal.reflect.DelegatingConstructorAccessorImpl.newInstance(DelegatingConstructorAccessorImpl.java:45)\r\n\tat java.base/java.lang.reflect.Constructor.newInstanceWithCaller(Constructor.java:500)\r\n\tat java.base/java.lang.reflect.Constructor.newInstance(Constructor.java:481)\r\n\tat org.openqa.selenium.remote.W3CHandshakeResponse.lambda$errorHandler$0(W3CHandshakeResponse.java:62)\r\n\tat org.openqa.selenium.remote.HandshakeResponse.lambda$getResponseFunction$0(HandshakeResponse.java:30)\r\n\tat org.openqa.selenium.remote.ProtocolHandshake.lambda$createSession$0(ProtocolHandshake.java:126)\r\n\tat java.base/java.util.stream.ReferencePipeline$3$1.accept(ReferencePipeline.java:195)\r\n\tat java.base/java.util.Spliterators$ArraySpliterator.tryAdvance(Spliterators.java:958)\r\n\tat java.base/java.util.stream.ReferencePipeline.forEachWithCancel(ReferencePipeline.java:127)\r\n\tat java.base/java.util.stream.AbstractPipeline.copyIntoWithCancel(AbstractPipeline.java:502)\r\n\tat java.base/java.util.stream.AbstractPipeline.copyInto(AbstractPipeline.java:488)\r\n\tat java.base/java.util.stream.AbstractPipeline.wrapAndCopyInto(AbstractPipeline.java:474)\r\n\tat java.base/java.util.stream.FindOps$FindOp.evaluateSequential(FindOps.java:150)\r\n\tat java.base/java.util.stream.AbstractPipeline.evaluate(AbstractPipeline.java:234)\r\n\tat java.base/java.util.stream.ReferencePipeline.findFirst(ReferencePipeline.java:543)\r\n\tat org.openqa.selenium.remote.ProtocolHandshake.createSession(ProtocolHandshake.java:128)\r\n\t... 47 more\r\n"},"stage":"finished","description":"","steps":[],"attachments":[],"parameters":[],"start":1595096939683,"stop":1595096939688,"uuid":"b878b2a7-634b-4fa0-b104-02373114a532","historyId":"308e754c493f7a9c490d264927336994","fullName":"CreditTests.checkMaxAmountAtRefinancing","labels":[{"name":"package","value":"CreditTests"},{"name":"testClass","value":"CreditTests"},{"name":"testMethod","value":"checkMaxAmountAtRefinancing"},{"name":"parentSuite","value":"Default Suite"},{"name":"suite","value":"AppiumMobileOpenTest"},{"name":"subSuite","value":"CreditTests"},{"name":"host","value":"msk-2149"},{"name":"thread","value":"15752@msk-2149.main(1)"},{"name":"framework","value":"testng"},{"name":"language","value":"java"}],"links":[]}